<?xml version="1.0" encoding="UTF-8"?>
<!-- Generated by org.testng.reporters.JUnitReportReporter -->
<testsuite hostname="DESKTOP-DCP93M2" name="com.training.regression.tests.RETC74" tests="2" failures="0" timestamp="20 May 2020 07:58:08 GMT" time="57.445" errors="0">
  <testcase name="Usercreationtest" time="28.226" classname="com.training.regression.tests.RETC74"/>
  <testcase name="validLoginTest" time="29.219" classname="com.training.regression.tests.RETC74"/>
</testsuite> <!-- com.training.regression.tests.RETC74 -->
