<?xml version="1.0" encoding="UTF-8"?>
<!-- Generated by org.testng.reporters.JUnitReportReporter -->
<testsuite hostname="DESKTOP-DCP93M2" name="com.training.regression.tests.RETC75" tests="4" failures="0" timestamp="20 May 2020 05:13:20 GMT" time="47.237" errors="0">
  <testcase name="loginDBTest" time="5.159" classname="com.training.regression.tests.RETC75"/>
  <testcase name="searchfeature" time="3.860" classname="com.training.regression.tests.RETC75"/>
  <testcase name="loginDBTest" time="4.610" classname="com.training.regression.tests.RETC75"/>
  <testcase name="validLoginTest" time="33.608" classname="com.training.regression.tests.RETC75"/>
</testsuite> <!-- com.training.regression.tests.RETC75 -->
