<?xml version="1.0" encoding="UTF-8"?>
<!-- Generated by org.testng.reporters.JUnitReportReporter -->
<testsuite hostname="DESKTOP-DCP93M2" name="com.training.regression.tests.RETC73" tests="4" failures="0" timestamp="20 May 2020 05:39:09 GMT" time="155.194" errors="0">
  <testcase name="Usercreationtest" time="37.024" classname="com.training.regression.tests.RETC73"/>
  <testcase name="Usercreationtest" time="47.798" classname="com.training.regression.tests.RETC73"/>
  <testcase name="validLoginTest" time="34.307" classname="com.training.regression.tests.RETC73"/>
  <testcase name="Usercreationtest" time="36.065" classname="com.training.regression.tests.RETC73"/>
</testsuite> <!-- com.training.regression.tests.RETC73 -->
